   Compiling find-msvc-tools v0.1.4
   Compiling shlex v1.3.0
   Compiling libc v0.2.177
     Running `CARGO=/users/ddavis65/.rustup/toolchains/1.91.0-x86_64-unknown-linux-gnu/bin/cargo CARGO_CRATE_NAME=find_msvc_tools CARGO_MANIFEST_DIR=/users/ddavis65/.cargo/registry/src/index.crates.io-1949cf8c6b5b557f/find-msvc-tools-0.1.4 CARGO_MANIFEST_PATH=/users/ddavis65/.cargo/registry/src/index.crates.io-1949cf8c6b5b557f/find-msvc-tools-0.1.4/Cargo.toml CARGO_PKG_AUTHORS='' CARGO_PKG_DESCRIPTION='Find windows-specific tools, read MSVC versions from the registry and from COM interfaces' CARGO_PKG_HOMEPAGE='' CARGO_PKG_LICENSE='MIT OR Apache-2.0' CARGO_PKG_LICENSE_FILE='' CARGO_PKG_NAME=find-msvc-tools CARGO_PKG_README=README.md CARGO_PKG_REPOSITORY='https://github.com/rust-lang/cc-rs' CARGO_PKG_RUST_VERSION=1.63 CARGO_PKG_VERSION=0.1.4 CARGO_PKG_VERSION_MAJOR=0 CARGO_PKG_VERSION_MINOR=1 CARGO_PKG_VERSION_PATCH=4 CARGO_PKG_VERSION_PRE='' LD_LIBRARY_PATH='/users/ddavis65/rust-ffi-test/target/release/deps:/users/ddavis65/.rustup/toolchains/1.91.0-x86_64-unknown-linux-gnu/lib' /users/ddavis65/.rustup/toolchains/1.91.0-x86_64-unknown-linux-gnu/bin/rustc --crate-name find_msvc_tools --edition=2018 /users/ddavis65/.cargo/registry/src/index.crates.io-1949cf8c6b5b557f/find-msvc-tools-0.1.4/src/lib.rs --error-format=json --json=diagnostic-rendered-ansi,artifacts,future-incompat --crate-type lib --emit=dep-info,metadata,link -C embed-bitcode=no --allow=unexpected_cfgs --check-cfg 'cfg(disable_clang_cl_tests)' -C debug-assertions=off --check-cfg 'cfg(docsrs,test)' --check-cfg 'cfg(feature, values())' -C metadata=1e1a4f80e4ec1303 -C extra-filename=-c9859fed741471a2 --out-dir /users/ddavis65/rust-ffi-test/target/release/deps -C strip=debuginfo -L dependency=/users/ddavis65/rust-ffi-test/target/release/deps --cap-lints warn --emit=llvm-ir -C debuginfo=2 -C linker-plugin-lto -C opt-level=3 -C codegen-units=1 -C linker=clang-21 -C link-arg=-fuse-ld=lld -C link-arg=-Wl,--lto-O3 -C link-arg=-Wl,--time-trace`
     Running `CARGO=/users/ddavis65/.rustup/toolchains/1.91.0-x86_64-unknown-linux-gnu/bin/cargo CARGO_CRATE_NAME=build_script_build CARGO_MANIFEST_DIR=/users/ddavis65/.cargo/registry/src/index.crates.io-1949cf8c6b5b557f/libc-0.2.177 CARGO_MANIFEST_PATH=/users/ddavis65/.cargo/registry/src/index.crates.io-1949cf8c6b5b557f/libc-0.2.177/Cargo.toml CARGO_PKG_AUTHORS='The Rust Project Developers' CARGO_PKG_DESCRIPTION='Raw FFI bindings to platform libraries like libc.' CARGO_PKG_HOMEPAGE='' CARGO_PKG_LICENSE='MIT OR Apache-2.0' CARGO_PKG_LICENSE_FILE='' CARGO_PKG_NAME=libc CARGO_PKG_README=README.md CARGO_PKG_REPOSITORY='https://github.com/rust-lang/libc' CARGO_PKG_RUST_VERSION=1.63 CARGO_PKG_VERSION=0.2.177 CARGO_PKG_VERSION_MAJOR=0 CARGO_PKG_VERSION_MINOR=2 CARGO_PKG_VERSION_PATCH=177 CARGO_PKG_VERSION_PRE='' LD_LIBRARY_PATH='/users/ddavis65/rust-ffi-test/target/release/deps:/users/ddavis65/.rustup/toolchains/1.91.0-x86_64-unknown-linux-gnu/lib' /users/ddavis65/.rustup/toolchains/1.91.0-x86_64-unknown-linux-gnu/bin/rustc --crate-name build_script_build --edition=2021 /users/ddavis65/.cargo/registry/src/index.crates.io-1949cf8c6b5b557f/libc-0.2.177/build.rs --error-format=json --json=diagnostic-rendered-ansi,artifacts,future-incompat --crate-type bin --emit=dep-info,link -C embed-bitcode=no '--allow=clippy::used_underscore_binding' --allow=unused_qualifications '--warn=clippy::unnecessary_semicolon' '--allow=clippy::unnecessary_cast' '--allow=clippy::uninlined_format_args' '--warn=clippy::ptr_as_ptr' '--allow=clippy::non_minimal_cfg' '--allow=clippy::missing_safety_doc' '--warn=clippy::map_unwrap_or' '--warn=clippy::manual_assert' '--allow=clippy::identity_op' '--warn=clippy::explicit_iter_loop' '--allow=clippy::expl_impl_clone_on_copy' -C debug-assertions=off --cfg 'feature="default"' --cfg 'feature="std"' --check-cfg 'cfg(docsrs,test)' --check-cfg 'cfg(feature, values("align", "const-extern-fn", "default", "extra_traits", "rustc-dep-of-std", "rustc-std-workspace-core", "std", "use_std"))' -C metadata=1c3fb2afe672d1d8 -C extra-filename=-1b91fea738c19f93 --out-dir /users/ddavis65/rust-ffi-test/target/release/build/libc-1b91fea738c19f93 -C strip=debuginfo -L dependency=/users/ddavis65/rust-ffi-test/target/release/deps --cap-lints warn --emit=llvm-ir -C debuginfo=2 -C linker-plugin-lto -C opt-level=3 -C codegen-units=1 -C linker=clang-21 -C link-arg=-fuse-ld=lld -C link-arg=-Wl,--lto-O3 -C link-arg=-Wl,--time-trace`
     Running `CARGO=/users/ddavis65/.rustup/toolchains/1.91.0-x86_64-unknown-linux-gnu/bin/cargo CARGO_CRATE_NAME=shlex CARGO_MANIFEST_DIR=/users/ddavis65/.cargo/registry/src/index.crates.io-1949cf8c6b5b557f/shlex-1.3.0 CARGO_MANIFEST_PATH=/users/ddavis65/.cargo/registry/src/index.crates.io-1949cf8c6b5b557f/shlex-1.3.0/Cargo.toml CARGO_PKG_AUTHORS='comex <comexk@gmail.com>:Fenhl <fenhl@fenhl.net>:Adrian Taylor <adetaylor@chromium.org>:Alex Touchet <alextouchet@outlook.com>:Daniel Parks <dp+git@oxidized.org>:Garrett Berg <googberg@gmail.com>' CARGO_PKG_DESCRIPTION='Split a string into shell words, like Python'\''s shlex.' CARGO_PKG_HOMEPAGE='' CARGO_PKG_LICENSE='MIT OR Apache-2.0' CARGO_PKG_LICENSE_FILE='' CARGO_PKG_NAME=shlex CARGO_PKG_README=README.md CARGO_PKG_REPOSITORY='https://github.com/comex/rust-shlex' CARGO_PKG_RUST_VERSION=1.46.0 CARGO_PKG_VERSION=1.3.0 CARGO_PKG_VERSION_MAJOR=1 CARGO_PKG_VERSION_MINOR=3 CARGO_PKG_VERSION_PATCH=0 CARGO_PKG_VERSION_PRE='' LD_LIBRARY_PATH='/users/ddavis65/rust-ffi-test/target/release/deps:/users/ddavis65/.rustup/toolchains/1.91.0-x86_64-unknown-linux-gnu/lib' /users/ddavis65/.rustup/toolchains/1.91.0-x86_64-unknown-linux-gnu/bin/rustc --crate-name shlex --edition=2015 /users/ddavis65/.cargo/registry/src/index.crates.io-1949cf8c6b5b557f/shlex-1.3.0/src/lib.rs --error-format=json --json=diagnostic-rendered-ansi,artifacts,future-incompat --crate-type lib --emit=dep-info,metadata,link -C embed-bitcode=no -C debug-assertions=off --cfg 'feature="default"' --cfg 'feature="std"' --check-cfg 'cfg(docsrs,test)' --check-cfg 'cfg(feature, values("default", "std"))' -C metadata=668f174bea5e2090 -C extra-filename=-a9bc5f4e32e76be6 --out-dir /users/ddavis65/rust-ffi-test/target/release/deps -C strip=debuginfo -L dependency=/users/ddavis65/rust-ffi-test/target/release/deps --cap-lints warn --emit=llvm-ir -C debuginfo=2 -C linker-plugin-lto -C opt-level=3 -C codegen-units=1 -C linker=clang-21 -C link-arg=-fuse-ld=lld -C link-arg=-Wl,--lto-O3 -C link-arg=-Wl,--time-trace`
warning: unexpected `cfg` condition name: `manual_codegen_check`
   --> /users/ddavis65/.cargo/registry/src/index.crates.io-1949cf8c6b5b557f/shlex-1.3.0/src/bytes.rs:353:12
    |
353 | #[cfg_attr(manual_codegen_check, inline(never))]
    |            ^^^^^^^^^^^^^^^^^^^^
    |
    = help: expected names are: `docsrs`, `feature`, and `test` and 31 more
    = help: consider using a Cargo feature instead
    = help: or consider adding in `Cargo.toml` the `check-cfg` lint config for the lint:
             [lints.rust]
             unexpected_cfgs = { level = "warn", check-cfg = ['cfg(manual_codegen_check)'] }
    = help: or consider adding `println!("cargo::rustc-check-cfg=cfg(manual_codegen_check)");` to the top of the `build.rs`
    = note: see <https://doc.rust-lang.org/nightly/rustc/check-cfg/cargo-specifics.html> for more information about checking conditional configuration
    = note: `#[warn(unexpected_cfgs)]` on by default

warning: hiding a lifetime that's elided elsewhere is confusing
   --> /users/ddavis65/.cargo/registry/src/index.crates.io-1949cf8c6b5b557f/shlex-1.3.0/src/lib.rs:228:22
    |
228 | pub fn quote(in_str: &str) -> Cow<str> {
    |                      ^^^^     ^^^^^^^^ the same lifetime is hidden here
    |                      |
    |                      the lifetime is elided here
    |
    = help: the same lifetime is referred to in inconsistent ways, making the signature confusing
    = note: `#[warn(mismatched_lifetime_syntaxes)]` on by default
help: use `'_` for type paths
    |
228 | pub fn quote(in_str: &str) -> Cow<'_, str> {
    |                                   +++

warning: hiding a lifetime that's elided elsewhere is confusing
   --> /users/ddavis65/.cargo/registry/src/index.crates.io-1949cf8c6b5b557f/shlex-1.3.0/src/lib.rs:241:26
    |
241 | pub fn try_quote(in_str: &str) -> Result<Cow<str>, QuoteError> {
    |                          ^^^^            ^^^^^^^^ the same lifetime is hidden here
    |                          |
    |                          the lifetime is elided here
    |
    = help: the same lifetime is referred to in inconsistent ways, making the signature confusing
help: use `'_` for type paths
    |
241 | pub fn try_quote(in_str: &str) -> Result<Cow<'_, str>, QuoteError> {
    |                                              +++

warning: hiding a lifetime that's elided elsewhere is confusing
   --> /users/ddavis65/.cargo/registry/src/index.crates.io-1949cf8c6b5b557f/shlex-1.3.0/src/bytes.rs:484:24
    |
484 | pub fn quote(in_bytes: &[u8]) -> Cow<[u8]> {
    |                        ^^^^^     ^^^^^^^^^ the same lifetime is hidden here
    |                        |
    |                        the lifetime is elided here
    |
    = help: the same lifetime is referred to in inconsistent ways, making the signature confusing
help: use `'_` for type paths
    |
484 | pub fn quote(in_bytes: &[u8]) -> Cow<'_, [u8]> {
    |                                      +++

warning: hiding a lifetime that's elided elsewhere is confusing
   --> /users/ddavis65/.cargo/registry/src/index.crates.io-1949cf8c6b5b557f/shlex-1.3.0/src/bytes.rs:497:28
    |
497 | pub fn try_quote(in_bytes: &[u8]) -> Result<Cow<[u8]>, QuoteError> {
    |                            ^^^^^            ^^^^^^^^^ the same lifetime is hidden here
    |                            |
    |                            the lifetime is elided here
    |
    = help: the same lifetime is referred to in inconsistent ways, making the signature confusing
help: use `'_` for type paths
    |
497 | pub fn try_quote(in_bytes: &[u8]) -> Result<Cow<'_, [u8]>, QuoteError> {
    |                                                 +++

   Compiling cc v1.2.45
     Running `CARGO=/users/ddavis65/.rustup/toolchains/1.91.0-x86_64-unknown-linux-gnu/bin/cargo CARGO_CRATE_NAME=cc CARGO_MANIFEST_DIR=/users/ddavis65/.cargo/registry/src/index.crates.io-1949cf8c6b5b557f/cc-1.2.45 CARGO_MANIFEST_PATH=/users/ddavis65/.cargo/registry/src/index.crates.io-1949cf8c6b5b557f/cc-1.2.45/Cargo.toml CARGO_PKG_AUTHORS='Alex Crichton <alex@alexcrichton.com>' CARGO_PKG_DESCRIPTION='A build-time dependency for Cargo build scripts to assist in invoking the native
C compiler to compile native C code into a static archive to be linked into Rust
code.
' CARGO_PKG_HOMEPAGE='https://github.com/rust-lang/cc-rs' CARGO_PKG_LICENSE='MIT OR Apache-2.0' CARGO_PKG_LICENSE_FILE='' CARGO_PKG_NAME=cc CARGO_PKG_README=README.md CARGO_PKG_REPOSITORY='https://github.com/rust-lang/cc-rs' CARGO_PKG_RUST_VERSION=1.63 CARGO_PKG_VERSION=1.2.45 CARGO_PKG_VERSION_MAJOR=1 CARGO_PKG_VERSION_MINOR=2 CARGO_PKG_VERSION_PATCH=45 CARGO_PKG_VERSION_PRE='' LD_LIBRARY_PATH='/users/ddavis65/rust-ffi-test/target/release/deps:/users/ddavis65/.rustup/toolchains/1.91.0-x86_64-unknown-linux-gnu/lib' /users/ddavis65/.rustup/toolchains/1.91.0-x86_64-unknown-linux-gnu/bin/rustc --crate-name cc --edition=2018 /users/ddavis65/.cargo/registry/src/index.crates.io-1949cf8c6b5b557f/cc-1.2.45/src/lib.rs --error-format=json --json=diagnostic-rendered-ansi,artifacts,future-incompat --crate-type lib --emit=dep-info,metadata,link -C embed-bitcode=no --allow=unexpected_cfgs --check-cfg 'cfg(disable_clang_cl_tests)' -C debug-assertions=off --check-cfg 'cfg(docsrs,test)' --check-cfg 'cfg(feature, values("jobserver", "parallel"))' -C metadata=dd5bfba54e7e0e6c -C extra-filename=-3eda3c57d61b0661 --out-dir /users/ddavis65/rust-ffi-test/target/release/deps -C strip=debuginfo -L dependency=/users/ddavis65/rust-ffi-test/target/release/deps --extern find_msvc_tools=/users/ddavis65/rust-ffi-test/target/release/deps/libfind_msvc_tools-c9859fed741471a2.rmeta --extern shlex=/users/ddavis65/rust-ffi-test/target/release/deps/libshlex-a9bc5f4e32e76be6.rmeta --cap-lints warn --emit=llvm-ir -C debuginfo=2 -C linker-plugin-lto -C opt-level=3 -C codegen-units=1 -C linker=clang-21 -C link-arg=-fuse-ld=lld -C link-arg=-Wl,--lto-O3 -C link-arg=-Wl,--time-trace`
warning: `shlex` (lib) generated 5 warnings
     Running `CARGO=/users/ddavis65/.rustup/toolchains/1.91.0-x86_64-unknown-linux-gnu/bin/cargo CARGO_CFG_FEATURE=default,std CARGO_CFG_PANIC=unwind CARGO_CFG_TARGET_ABI='' CARGO_CFG_TARGET_ARCH=x86_64 CARGO_CFG_TARGET_ENDIAN=little CARGO_CFG_TARGET_ENV=gnu CARGO_CFG_TARGET_FAMILY=unix CARGO_CFG_TARGET_FEATURE=fxsr,sse,sse2 CARGO_CFG_TARGET_HAS_ATOMIC=16,32,64,8,ptr CARGO_CFG_TARGET_OS=linux CARGO_CFG_TARGET_POINTER_WIDTH=64 CARGO_CFG_TARGET_VENDOR=unknown CARGO_CFG_UNIX='' CARGO_ENCODED_RUSTFLAGS='--emit=llvm-ir-Cdebuginfo=2-Clinker-plugin-lto-Copt-level=3-Ccodegen-units=1-Clinker=clang-21-Clink-arg=-fuse-ld=lld-Clink-arg=-Wl,--lto-O3-Clink-arg=-Wl,--time-trace' CARGO_FEATURE_DEFAULT=1 CARGO_FEATURE_STD=1 CARGO_MANIFEST_DIR=/users/ddavis65/.cargo/registry/src/index.crates.io-1949cf8c6b5b557f/libc-0.2.177 CARGO_MANIFEST_PATH=/users/ddavis65/.cargo/registry/src/index.crates.io-1949cf8c6b5b557f/libc-0.2.177/Cargo.toml CARGO_PKG_AUTHORS='The Rust Project Developers' CARGO_PKG_DESCRIPTION='Raw FFI bindings to platform libraries like libc.' CARGO_PKG_HOMEPAGE='' CARGO_PKG_LICENSE='MIT OR Apache-2.0' CARGO_PKG_LICENSE_FILE='' CARGO_PKG_NAME=libc CARGO_PKG_README=README.md CARGO_PKG_REPOSITORY='https://github.com/rust-lang/libc' CARGO_PKG_RUST_VERSION=1.63 CARGO_PKG_VERSION=0.2.177 CARGO_PKG_VERSION_MAJOR=0 CARGO_PKG_VERSION_MINOR=2 CARGO_PKG_VERSION_PATCH=177 CARGO_PKG_VERSION_PRE='' DEBUG=false HOST=x86_64-unknown-linux-gnu LD_LIBRARY_PATH='/users/ddavis65/rust-ffi-test/target/release/deps:/users/ddavis65/rust-ffi-test/target/release:/users/ddavis65/.rustup/toolchains/1.91.0-x86_64-unknown-linux-gnu/lib/rustlib/x86_64-unknown-linux-gnu/lib:/users/ddavis65/.rustup/toolchains/1.91.0-x86_64-unknown-linux-gnu/lib' NUM_JOBS=32 OPT_LEVEL=3 OUT_DIR=/users/ddavis65/rust-ffi-test/target/release/build/libc-003c42edde9e11da/out PROFILE=release RUSTC=/users/ddavis65/.rustup/toolchains/1.91.0-x86_64-unknown-linux-gnu/bin/rustc RUSTDOC=/users/ddavis65/.rustup/toolchains/1.91.0-x86_64-unknown-linux-gnu/bin/rustdoc TARGET=x86_64-unknown-linux-gnu /users/ddavis65/rust-ffi-test/target/release/build/libc-1b91fea738c19f93/build-script-build`
[libc 0.2.177] cargo:rerun-if-changed=build.rs
[libc 0.2.177] cargo:rerun-if-env-changed=RUST_LIBC_UNSTABLE_FREEBSD_VERSION
[libc 0.2.177] cargo:rustc-cfg=freebsd12
[libc 0.2.177] cargo:rerun-if-env-changed=RUST_LIBC_UNSTABLE_MUSL_V1_2_3
[libc 0.2.177] cargo:rerun-if-env-changed=RUST_LIBC_UNSTABLE_LINUX_TIME_BITS64
[libc 0.2.177] cargo:rerun-if-env-changed=RUST_LIBC_UNSTABLE_GNU_FILE_OFFSET_BITS
[libc 0.2.177] cargo:rerun-if-env-changed=RUST_LIBC_UNSTABLE_GNU_TIME_BITS
[libc 0.2.177] cargo:rustc-check-cfg=cfg(emscripten_old_stat_abi)
[libc 0.2.177] cargo:rustc-check-cfg=cfg(espidf_time32)
[libc 0.2.177] cargo:rustc-check-cfg=cfg(freebsd10)
[libc 0.2.177] cargo:rustc-check-cfg=cfg(freebsd11)
[libc 0.2.177] cargo:rustc-check-cfg=cfg(freebsd12)
[libc 0.2.177] cargo:rustc-check-cfg=cfg(freebsd13)
[libc 0.2.177] cargo:rustc-check-cfg=cfg(freebsd14)
[libc 0.2.177] cargo:rustc-check-cfg=cfg(freebsd15)
[libc 0.2.177] cargo:rustc-check-cfg=cfg(gnu_file_offset_bits64)
[libc 0.2.177] cargo:rustc-check-cfg=cfg(gnu_time_bits64)
[libc 0.2.177] cargo:rustc-check-cfg=cfg(libc_deny_warnings)
[libc 0.2.177] cargo:rustc-check-cfg=cfg(libc_thread_local)
[libc 0.2.177] cargo:rustc-check-cfg=cfg(linux_time_bits64)
[libc 0.2.177] cargo:rustc-check-cfg=cfg(musl_v1_2_3)
[libc 0.2.177] cargo:rustc-check-cfg=cfg(target_os,values("switch","aix","ohos","hurd","rtems","visionos","nuttx","cygwin"))
[libc 0.2.177] cargo:rustc-check-cfg=cfg(target_env,values("illumos","wasi","aix","ohos","nto71_iosock","nto80"))
[libc 0.2.177] cargo:rustc-check-cfg=cfg(target_arch,values("loongarch64","mips32r6","mips64r6","csky"))
     Running `CARGO=/users/ddavis65/.rustup/toolchains/1.91.0-x86_64-unknown-linux-gnu/bin/cargo CARGO_CRATE_NAME=libc CARGO_MANIFEST_DIR=/users/ddavis65/.cargo/registry/src/index.crates.io-1949cf8c6b5b557f/libc-0.2.177 CARGO_MANIFEST_PATH=/users/ddavis65/.cargo/registry/src/index.crates.io-1949cf8c6b5b557f/libc-0.2.177/Cargo.toml CARGO_PKG_AUTHORS='The Rust Project Developers' CARGO_PKG_DESCRIPTION='Raw FFI bindings to platform libraries like libc.' CARGO_PKG_HOMEPAGE='' CARGO_PKG_LICENSE='MIT OR Apache-2.0' CARGO_PKG_LICENSE_FILE='' CARGO_PKG_NAME=libc CARGO_PKG_README=README.md CARGO_PKG_REPOSITORY='https://github.com/rust-lang/libc' CARGO_PKG_RUST_VERSION=1.63 CARGO_PKG_VERSION=0.2.177 CARGO_PKG_VERSION_MAJOR=0 CARGO_PKG_VERSION_MINOR=2 CARGO_PKG_VERSION_PATCH=177 CARGO_PKG_VERSION_PRE='' LD_LIBRARY_PATH='/users/ddavis65/rust-ffi-test/target/release/deps:/users/ddavis65/.rustup/toolchains/1.91.0-x86_64-unknown-linux-gnu/lib' OUT_DIR=/users/ddavis65/rust-ffi-test/target/release/build/libc-003c42edde9e11da/out /users/ddavis65/.rustup/toolchains/1.91.0-x86_64-unknown-linux-gnu/bin/rustc --crate-name libc --edition=2021 /users/ddavis65/.cargo/registry/src/index.crates.io-1949cf8c6b5b557f/libc-0.2.177/src/lib.rs --error-format=json --json=diagnostic-rendered-ansi,artifacts,future-incompat --crate-type lib --emit=dep-info,metadata,link -C opt-level=3 -C embed-bitcode=no '--allow=clippy::used_underscore_binding' --allow=unused_qualifications '--warn=clippy::unnecessary_semicolon' '--allow=clippy::unnecessary_cast' '--allow=clippy::uninlined_format_args' '--warn=clippy::ptr_as_ptr' '--allow=clippy::non_minimal_cfg' '--allow=clippy::missing_safety_doc' '--warn=clippy::map_unwrap_or' '--warn=clippy::manual_assert' '--allow=clippy::identity_op' '--warn=clippy::explicit_iter_loop' '--allow=clippy::expl_impl_clone_on_copy' --cfg 'feature="default"' --cfg 'feature="std"' --check-cfg 'cfg(docsrs,test)' --check-cfg 'cfg(feature, values("align", "const-extern-fn", "default", "extra_traits", "rustc-dep-of-std", "rustc-std-workspace-core", "std", "use_std"))' -C metadata=7e899d2ea5b384ff -C extra-filename=-070ff451315f82d4 --out-dir /users/ddavis65/rust-ffi-test/target/release/deps -C strip=debuginfo -L dependency=/users/ddavis65/rust-ffi-test/target/release/deps --cap-lints warn --emit=llvm-ir -C debuginfo=2 -C linker-plugin-lto -C opt-level=3 -C codegen-units=1 -C linker=clang-21 -C link-arg=-fuse-ld=lld -C link-arg=-Wl,--lto-O3 -C link-arg=-Wl,--time-trace --cfg freebsd12 --check-cfg 'cfg(emscripten_old_stat_abi)' --check-cfg 'cfg(espidf_time32)' --check-cfg 'cfg(freebsd10)' --check-cfg 'cfg(freebsd11)' --check-cfg 'cfg(freebsd12)' --check-cfg 'cfg(freebsd13)' --check-cfg 'cfg(freebsd14)' --check-cfg 'cfg(freebsd15)' --check-cfg 'cfg(gnu_file_offset_bits64)' --check-cfg 'cfg(gnu_time_bits64)' --check-cfg 'cfg(libc_deny_warnings)' --check-cfg 'cfg(libc_thread_local)' --check-cfg 'cfg(linux_time_bits64)' --check-cfg 'cfg(musl_v1_2_3)' --check-cfg 'cfg(target_os,values("switch","aix","ohos","hurd","rtems","visionos","nuttx","cygwin"))' --check-cfg 'cfg(target_env,values("illumos","wasi","aix","ohos","nto71_iosock","nto80"))' --check-cfg 'cfg(target_arch,values("loongarch64","mips32r6","mips64r6","csky"))'`
   Compiling rust-ffi-test v0.1.0 (/users/ddavis65/rust-ffi-test)
     Running `CARGO=/users/ddavis65/.rustup/toolchains/1.91.0-x86_64-unknown-linux-gnu/bin/cargo CARGO_CRATE_NAME=build_script_build CARGO_MANIFEST_DIR=/users/ddavis65/rust-ffi-test CARGO_MANIFEST_PATH=/users/ddavis65/rust-ffi-test/Cargo.toml CARGO_PKG_AUTHORS='' CARGO_PKG_DESCRIPTION='' CARGO_PKG_HOMEPAGE='' CARGO_PKG_LICENSE='' CARGO_PKG_LICENSE_FILE='' CARGO_PKG_NAME=rust-ffi-test CARGO_PKG_README='' CARGO_PKG_REPOSITORY='' CARGO_PKG_RUST_VERSION=1.91.0 CARGO_PKG_VERSION=0.1.0 CARGO_PKG_VERSION_MAJOR=0 CARGO_PKG_VERSION_MINOR=1 CARGO_PKG_VERSION_PATCH=0 CARGO_PKG_VERSION_PRE='' CARGO_PRIMARY_PACKAGE=1 CARGO_SBOM_PATH='' LD_LIBRARY_PATH='/users/ddavis65/rust-ffi-test/target/release/deps:/users/ddavis65/.rustup/toolchains/1.91.0-x86_64-unknown-linux-gnu/lib' /users/ddavis65/.rustup/toolchains/1.91.0-x86_64-unknown-linux-gnu/bin/rustc --crate-name build_script_build --edition=2024 build.rs --error-format=json --json=diagnostic-rendered-ansi,artifacts,future-incompat --crate-type bin --emit=dep-info,link -C embed-bitcode=no -C debug-assertions=off --check-cfg 'cfg(docsrs,test)' --check-cfg 'cfg(feature, values())' -C metadata=7caf0159ff1765a2 -C extra-filename=-f1c48576006c36e6 --out-dir /users/ddavis65/rust-ffi-test/target/release/build/rust-ffi-test-f1c48576006c36e6 -C strip=debuginfo -L dependency=/users/ddavis65/rust-ffi-test/target/release/deps --extern cc=/users/ddavis65/rust-ffi-test/target/release/deps/libcc-3eda3c57d61b0661.rlib --emit=llvm-ir -C debuginfo=2 -C linker-plugin-lto -C opt-level=3 -C codegen-units=1 -C linker=clang-21 -C link-arg=-fuse-ld=lld -C link-arg=-Wl,--lto-O3 -C link-arg=-Wl,--time-trace`
     Running `CARGO=/users/ddavis65/.rustup/toolchains/1.91.0-x86_64-unknown-linux-gnu/bin/cargo CARGO_CFG_FEATURE='' CARGO_CFG_PANIC=unwind CARGO_CFG_TARGET_ABI='' CARGO_CFG_TARGET_ARCH=x86_64 CARGO_CFG_TARGET_ENDIAN=little CARGO_CFG_TARGET_ENV=gnu CARGO_CFG_TARGET_FAMILY=unix CARGO_CFG_TARGET_FEATURE=fxsr,sse,sse2 CARGO_CFG_TARGET_HAS_ATOMIC=16,32,64,8,ptr CARGO_CFG_TARGET_OS=linux CARGO_CFG_TARGET_POINTER_WIDTH=64 CARGO_CFG_TARGET_VENDOR=unknown CARGO_CFG_UNIX='' CARGO_ENCODED_RUSTFLAGS='--emit=llvm-ir-Cdebuginfo=2-Clinker-plugin-lto-Copt-level=3-Ccodegen-units=1-Clinker=clang-21-Clink-arg=-fuse-ld=lld-Clink-arg=-Wl,--lto-O3-Clink-arg=-Wl,--time-trace' CARGO_MANIFEST_DIR=/users/ddavis65/rust-ffi-test CARGO_MANIFEST_PATH=/users/ddavis65/rust-ffi-test/Cargo.toml CARGO_PKG_AUTHORS='' CARGO_PKG_DESCRIPTION='' CARGO_PKG_HOMEPAGE='' CARGO_PKG_LICENSE='' CARGO_PKG_LICENSE_FILE='' CARGO_PKG_NAME=rust-ffi-test CARGO_PKG_README='' CARGO_PKG_REPOSITORY='' CARGO_PKG_RUST_VERSION=1.91.0 CARGO_PKG_VERSION=0.1.0 CARGO_PKG_VERSION_MAJOR=0 CARGO_PKG_VERSION_MINOR=1 CARGO_PKG_VERSION_PATCH=0 CARGO_PKG_VERSION_PRE='' DEBUG=false HOST=x86_64-unknown-linux-gnu LD_LIBRARY_PATH='/users/ddavis65/rust-ffi-test/target/release/deps:/users/ddavis65/rust-ffi-test/target/release:/users/ddavis65/.rustup/toolchains/1.91.0-x86_64-unknown-linux-gnu/lib/rustlib/x86_64-unknown-linux-gnu/lib:/users/ddavis65/.rustup/toolchains/1.91.0-x86_64-unknown-linux-gnu/lib' NUM_JOBS=32 OPT_LEVEL=3 OUT_DIR=/users/ddavis65/rust-ffi-test/target/release/build/rust-ffi-test-92f4b93f1c0daea7/out PROFILE=release RUSTC=/users/ddavis65/.rustup/toolchains/1.91.0-x86_64-unknown-linux-gnu/bin/rustc RUSTDOC=/users/ddavis65/.rustup/toolchains/1.91.0-x86_64-unknown-linux-gnu/bin/rustdoc TARGET=x86_64-unknown-linux-gnu /users/ddavis65/rust-ffi-test/target/release/build/rust-ffi-test-f1c48576006c36e6/build-script-build`
[rust-ffi-test 0.1.0] OUT_DIR = Some(/users/ddavis65/rust-ffi-test/target/release/build/rust-ffi-test-92f4b93f1c0daea7/out)
[rust-ffi-test 0.1.0] OPT_LEVEL = Some(3)
[rust-ffi-test 0.1.0] cargo:rerun-if-env-changed=CC_ENABLE_DEBUG_OUTPUT
[rust-ffi-test 0.1.0] cargo:rerun-if-env-changed=CRATE_CC_NO_DEFAULTS
[rust-ffi-test 0.1.0] CRATE_CC_NO_DEFAULTS = None
[rust-ffi-test 0.1.0] TARGET = Some(x86_64-unknown-linux-gnu)
[rust-ffi-test 0.1.0] DEBUG = Some(false)
[rust-ffi-test 0.1.0] HOST = Some(x86_64-unknown-linux-gnu)
[rust-ffi-test 0.1.0] cargo:rerun-if-env-changed=CFLAGS
[rust-ffi-test 0.1.0] CFLAGS = Some(-O3 -g -flto)
[rust-ffi-test 0.1.0] cargo:rerun-if-env-changed=CC_SHELL_ESCAPED_FLAGS
[rust-ffi-test 0.1.0] CC_SHELL_ESCAPED_FLAGS = None
[rust-ffi-test 0.1.0] cargo:rerun-if-env-changed=HOST_CFLAGS
[rust-ffi-test 0.1.0] HOST_CFLAGS = None
[rust-ffi-test 0.1.0] cargo:rerun-if-env-changed=CFLAGS_x86_64_unknown_linux_gnu
[rust-ffi-test 0.1.0] CFLAGS_x86_64_unknown_linux_gnu = Some(-O3 -g -flto)
[rust-ffi-test 0.1.0] cargo:rerun-if-env-changed=CFLAGS_x86_64-unknown-linux-gnu
[rust-ffi-test 0.1.0] CFLAGS_x86_64-unknown-linux-gnu = None
[rust-ffi-test 0.1.0] CARGO_ENCODED_RUSTFLAGS = Some(--emit=llvm-ir-Cdebuginfo=2-Clinker-plugin-lto-Copt-level=3-Ccodegen-units=1-Clinker=clang-21-Clink-arg=-fuse-ld=lld-Clink-arg=-Wl,--lto-O3-Clink-arg=-Wl,--time-trace)
[rust-ffi-test 0.1.0] OUT_DIR = Some(/users/ddavis65/rust-ffi-test/target/release/build/rust-ffi-test-92f4b93f1c0daea7/out)
[rust-ffi-test 0.1.0] cargo:rerun-if-env-changed=CC_ENABLE_DEBUG_OUTPUT
[rust-ffi-test 0.1.0] cargo:rerun-if-env-changed=CRATE_CC_NO_DEFAULTS
[rust-ffi-test 0.1.0] CRATE_CC_NO_DEFAULTS = None
[rust-ffi-test 0.1.0] TARGET = Some(x86_64-unknown-linux-gnu)
[rust-ffi-test 0.1.0] HOST = Some(x86_64-unknown-linux-gnu)
[rust-ffi-test 0.1.0] cargo:rerun-if-env-changed=CFLAGS
[rust-ffi-test 0.1.0] CFLAGS = Some(-O3 -g -flto)
[rust-ffi-test 0.1.0] cargo:rerun-if-env-changed=CC_SHELL_ESCAPED_FLAGS
[rust-ffi-test 0.1.0] CC_SHELL_ESCAPED_FLAGS = None
[rust-ffi-test 0.1.0] cargo:rerun-if-env-changed=HOST_CFLAGS
[rust-ffi-test 0.1.0] HOST_CFLAGS = None
[rust-ffi-test 0.1.0] cargo:rerun-if-env-changed=CFLAGS_x86_64_unknown_linux_gnu
[rust-ffi-test 0.1.0] CFLAGS_x86_64_unknown_linux_gnu = Some(-O3 -g -flto)
[rust-ffi-test 0.1.0] cargo:rerun-if-env-changed=CFLAGS_x86_64-unknown-linux-gnu
[rust-ffi-test 0.1.0] CFLAGS_x86_64-unknown-linux-gnu = None
[rust-ffi-test 0.1.0] cargo:rerun-if-env-changed=AR_x86_64-unknown-linux-gnu
[rust-ffi-test 0.1.0] AR_x86_64-unknown-linux-gnu = None
[rust-ffi-test 0.1.0] cargo:rerun-if-env-changed=AR_x86_64_unknown_linux_gnu
[rust-ffi-test 0.1.0] AR_x86_64_unknown_linux_gnu = Some(llvm-ar-21)
[rust-ffi-test 0.1.0] cargo:rerun-if-env-changed=CC_KNOWN_WRAPPER_CUSTOM
[rust-ffi-test 0.1.0] CC_KNOWN_WRAPPER_CUSTOM = None
[rust-ffi-test 0.1.0] RUSTC_WRAPPER = None
[rust-ffi-test 0.1.0] cargo:rerun-if-env-changed=ARFLAGS
[rust-ffi-test 0.1.0] ARFLAGS = None
[rust-ffi-test 0.1.0] cargo:rerun-if-env-changed=HOST_ARFLAGS
[rust-ffi-test 0.1.0] HOST_ARFLAGS = None
[rust-ffi-test 0.1.0] cargo:rerun-if-env-changed=ARFLAGS_x86_64_unknown_linux_gnu
[rust-ffi-test 0.1.0] ARFLAGS_x86_64_unknown_linux_gnu = None
[rust-ffi-test 0.1.0] cargo:rerun-if-env-changed=ARFLAGS_x86_64-unknown-linux-gnu
[rust-ffi-test 0.1.0] ARFLAGS_x86_64-unknown-linux-gnu = None
[rust-ffi-test 0.1.0] cargo:rustc-link-lib=static=mylib
[rust-ffi-test 0.1.0] cargo:rustc-link-search=native=/users/ddavis65/rust-ffi-test/target/release/build/rust-ffi-test-92f4b93f1c0daea7/out
[rust-ffi-test 0.1.0] cargo:include=csrc
     Running `CARGO=/users/ddavis65/.rustup/toolchains/1.91.0-x86_64-unknown-linux-gnu/bin/cargo CARGO_BIN_NAME=rust-ffi-test CARGO_CRATE_NAME=rust_ffi_test CARGO_MANIFEST_DIR=/users/ddavis65/rust-ffi-test CARGO_MANIFEST_PATH=/users/ddavis65/rust-ffi-test/Cargo.toml CARGO_PKG_AUTHORS='' CARGO_PKG_DESCRIPTION='' CARGO_PKG_HOMEPAGE='' CARGO_PKG_LICENSE='' CARGO_PKG_LICENSE_FILE='' CARGO_PKG_NAME=rust-ffi-test CARGO_PKG_README='' CARGO_PKG_REPOSITORY='' CARGO_PKG_RUST_VERSION=1.91.0 CARGO_PKG_VERSION=0.1.0 CARGO_PKG_VERSION_MAJOR=0 CARGO_PKG_VERSION_MINOR=1 CARGO_PKG_VERSION_PATCH=0 CARGO_PKG_VERSION_PRE='' CARGO_PRIMARY_PACKAGE=1 CARGO_SBOM_PATH='' LD_LIBRARY_PATH='/users/ddavis65/rust-ffi-test/target/release/deps:/users/ddavis65/.rustup/toolchains/1.91.0-x86_64-unknown-linux-gnu/lib' OUT_DIR=/users/ddavis65/rust-ffi-test/target/release/build/rust-ffi-test-92f4b93f1c0daea7/out /users/ddavis65/.rustup/toolchains/1.91.0-x86_64-unknown-linux-gnu/bin/rustc --crate-name rust_ffi_test --edition=2024 src/main.rs --error-format=json --json=diagnostic-rendered-ansi,artifacts,future-incompat --crate-type bin --emit=dep-info,link -C opt-level=3 -C embed-bitcode=no --check-cfg 'cfg(docsrs,test)' --check-cfg 'cfg(feature, values())' -C metadata=3a27ebaebb8da707 -C extra-filename=-5cc249896acaf8c2 --out-dir /users/ddavis65/rust-ffi-test/target/release/deps -C strip=debuginfo -L dependency=/users/ddavis65/rust-ffi-test/target/release/deps --extern libc=/users/ddavis65/rust-ffi-test/target/release/deps/liblibc-070ff451315f82d4.rlib --emit=llvm-ir -C debuginfo=2 -C linker-plugin-lto -C opt-level=3 -C codegen-units=1 -C linker=clang-21 -C link-arg=-fuse-ld=lld -C link-arg=-Wl,--lto-O3 -C link-arg=-Wl,--time-trace -L native=/users/ddavis65/rust-ffi-test/target/release/build/rust-ffi-test-92f4b93f1c0daea7/out -l static=mylib`
    Finished `release` profile [optimized] target(s) in 7.91s
